<?xml version="1.0" encoding="UTF-8"?>
<!-- Generated by org.testng.reporters.JUnitReportReporter -->
<testsuite hostname="DESKTOP-83I3QBM" failures="0" tests="1" name="personalInfo.NewTest" time="73.810" errors="0" timestamp="11 Jun 2021 03:27:41 GMT">
  <testcase classname="personalInfo.NewTest" name="f1" time="73.810"/>
</testsuite> <!-- personalInfo.NewTest -->
